Using pre-set license
Built from '2020.3/release' branch; Version is '2020.3.12f1 (b3b2c6512326) revision 11776710'; Using compiler version '192528614'; Build Type 'Release'
OS: 'Windows 10 Pro; OS build 19043.1586; Version 2009; 64bit' Language: 'pl' Physical Memory: 16304 MB
BatchMode: 1, IsHumanControllingUs: 0, StartBugReporterOnCrash: 0, Is64bit: 1, IsPro: 0

 COMMAND LINE ARGUMENTS:
C:\Program Files\Unity\Hub\Editor\2020.3.12f1\Editor\Unity.exe
-adb2
-batchMode
-noUpm
-name
AssetImportWorker0
-projectPath
Z:/Flappy-Firefly
-logFile
Logs/AssetImportWorker0.log
-srvPort
50369
Successfully changed project path to: Z:/Flappy-Firefly
Z:/Flappy-Firefly
Using Asset Import Pipeline V2.
Refreshing native plugins compatible for Editor in 51.05 ms, found 3 plugins.
Preloading 0 native plugins for Editor in 0.00 ms.
Initialize engine version: 2020.3.12f1 (b3b2c6512326)
[Subsystems] Discovering subsystems at path C:/Program Files/Unity/Hub/Editor/2020.3.12f1/Editor/Data/Resources/UnitySubsystems
[Subsystems] Discovering subsystems at path Z:/Flappy-Firefly/Assets
GfxDevice: creating device client; threaded=0
Direct3D:
    Version:  Direct3D 11.0 [level 11.1]
    Renderer: NVIDIA GeForce GTX 1650 (ID=0x1f91)
    Vendor:   
    VRAM:     3962 MB
    Driver:   27.21.14.6627
Shader 'Universal Render Pipeline/Particles/Lit': fallback shader 'Universal Render Pipeline/Particles/SimpleLit' not found
Initialize mono
Mono path[0] = 'C:/Program Files/Unity/Hub/Editor/2020.3.12f1/Editor/Data/Managed'
Mono path[1] = 'C:/Program Files/Unity/Hub/Editor/2020.3.12f1/Editor/Data/MonoBleedingEdge/lib/mono/unityjit'
Mono config path = 'C:/Program Files/Unity/Hub/Editor/2020.3.12f1/Editor/Data/MonoBleedingEdge/etc'
Using monoOptions --debugger-agent=transport=dt_socket,embedding=1,server=y,suspend=n,address=127.0.0.1:56896
Begin MonoManager ReloadAssembly
Registering precompiled unity dll's ...
Register platform support module: C:/Program Files/Unity/Hub/Editor/2020.3.12f1/Editor/Data/PlaybackEngines/WindowsStandaloneSupport/UnityEditor.WindowsStandalone.Extensions.dll
Registered in 0.001659 seconds.
Native extension for WindowsStandalone target not found
Refreshing native plugins compatible for Editor in 53.71 ms, found 3 plugins.
Preloading 0 native plugins for Editor in 0.00 ms.
Mono: successfully reloaded assembly
- Completed reload, in  0.981 seconds
Platform modules already initialized, skipping
Registering precompiled user dll's ...
Registered in 0.002695 seconds.
Begin MonoManager ReloadAssembly
Native extension for WindowsStandalone target not found
Refreshing native plugins compatible for Editor in 53.19 ms, found 3 plugins.
Preloading 0 native plugins for Editor in 0.00 ms.
Mono: successfully reloaded assembly
- Completed reload, in  1.078 seconds
Platform modules already initialized, skipping
========================================================================
Worker process is ready to serve import requests
Shader 'Universal Render Pipeline/Particles/Lit': fallback shader 'Universal Render Pipeline/Particles/SimpleLit' not found
Launched and connected shader compiler UnityShaderCompiler.exe after 0.04 seconds
Refreshing native plugins compatible for Editor in 0.55 ms, found 3 plugins.
Preloading 0 native plugins for Editor in 0.00 ms.
Unloading 3236 Unused Serialized files (Serialized files now loaded: 0)
System memory in use before: 159.4 MB.
System memory in use after: 159.5 MB.

Unloading 33 unused Assets to reduce memory usage. Loaded Objects now: 3694.
Total: 2.512800 ms (FindLiveObjects: 0.289900 ms CreateObjectMapping: 0.161400 ms MarkObjects: 1.952200 ms  DeleteObjects: 0.108200 ms)

AssetImportParameters requested are different than current active one (requested -> active):
  custom:framework-win-MediaFoundation: 216162199b28c13a410421893ffa2e32 -> 
  custom:video-decoder-ogg-theora: a1e56fd34408186e4bbccfd4996cb3dc -> 
  custom:container-muxer-webm: aa71ff27fc2769a1b78a27578f13a17b -> 
  custom:container-demuxer-webm: 4f35f7cbe854078d1ac9338744f61a02 -> 
  custom:container-demuxer-ogg: 62fdf1f143b41e24485cea50d1cbac27 -> 
  custom:video-encoder-webm-vp8: eb34c28f22e8b96e1ab97ce403110664 -> 
  custom:video-decoder-webm-vp8: 9c59270c3fd7afecdb556c50c9e8de78 -> 
  custom:audio-decoder-ogg-vorbis: bf7c407c2cedff20999df2af8eb42d56 -> 
  custom:audio-encoder-webm-vorbis: bf7c407c2cedff20999df2af8eb42d56 -> 
========================================================================
Received Import Request.
  path: Assets/URP
  artifactKey: Guid(0ce65d1a8ac33b24c8955c05efd29504) Importer(815301076,1909f56bfc062723c751e8b465ee728b)
Start importing Assets/URP using Guid(0ce65d1a8ac33b24c8955c05efd29504) Importer(815301076,1909f56bfc062723c751e8b465ee728b)  -> (artifact id: '05c15785790548c041d9876c8f323643') in 0.007985 seconds 
  Import took 0.012384 seconds .

========================================================================
Received Import Request.
  Time since last request: 12.547110 seconds.
  path: Assets/Shaders
  artifactKey: Guid(90e00615d2970c04d94d23c61b974d33) Importer(815301076,1909f56bfc062723c751e8b465ee728b)
Start importing Assets/Shaders using Guid(90e00615d2970c04d94d23c61b974d33) Importer(815301076,1909f56bfc062723c751e8b465ee728b)  -> (artifact id: '1864fadcf756da3590a61ccb5f3d600a') in 0.008325 seconds 
  Import took 0.013398 seconds .

========================================================================
Received Import Request.
  Time since last request: 2.538308 seconds.
  path: Assets/scripts/Environment/FireflyAI.cs
  artifactKey: Guid(b51e58577d5eeab4088d08fa54525e1e) Importer(815301076,1909f56bfc062723c751e8b465ee728b)
Start importing Assets/scripts/Environment/FireflyAI.cs using Guid(b51e58577d5eeab4088d08fa54525e1e) Importer(815301076,1909f56bfc062723c751e8b465ee728b)  -> (artifact id: 'f566f41f70d540e2f0a374d4e110dfc1') in 0.051437 seconds 
  Import took 0.056279 seconds .

========================================================================
Received Prepare
Registering precompiled user dll's ...
Registered in 0.002730 seconds.
Begin MonoManager ReloadAssembly
Native extension for WindowsStandalone target not found
Refreshing native plugins compatible for Editor in 0.56 ms, found 3 plugins.
Preloading 0 native plugins for Editor in 0.00 ms.
Mono: successfully reloaded assembly
- Completed reload, in  0.955 seconds
Platform modules already initialized, skipping
Shader 'Universal Render Pipeline/Particles/Lit': fallback shader 'Universal Render Pipeline/Particles/SimpleLit' not found
Refreshing native plugins compatible for Editor in 0.57 ms, found 3 plugins.
Preloading 0 native plugins for Editor in 0.00 ms.
Unloading 3125 Unused Serialized files (Serialized files now loaded: 0)
System memory in use before: 152.3 MB.
System memory in use after: 152.4 MB.

Unloading 22 unused Assets to reduce memory usage. Loaded Objects now: 3698.
Total: 3.005100 ms (FindLiveObjects: 0.460700 ms CreateObjectMapping: 0.179500 ms MarkObjects: 2.247700 ms  DeleteObjects: 0.116200 ms)

AssetImportParameters requested are different than current active one (requested -> active):
  custom:framework-win-MediaFoundation: 216162199b28c13a410421893ffa2e32 -> 
  custom:video-decoder-ogg-theora: a1e56fd34408186e4bbccfd4996cb3dc -> 
  custom:container-muxer-webm: aa71ff27fc2769a1b78a27578f13a17b -> 
  custom:container-demuxer-webm: 4f35f7cbe854078d1ac9338744f61a02 -> 
  custom:container-demuxer-ogg: 62fdf1f143b41e24485cea50d1cbac27 -> 
  custom:video-encoder-webm-vp8: eb34c28f22e8b96e1ab97ce403110664 -> 
  custom:video-decoder-webm-vp8: 9c59270c3fd7afecdb556c50c9e8de78 -> 
  custom:audio-decoder-ogg-vorbis: bf7c407c2cedff20999df2af8eb42d56 -> 
  custom:audio-encoder-webm-vorbis: bf7c407c2cedff20999df2af8eb42d56 -> 
========================================================================
Received Import Request.
  Time since last request: 294.134104 seconds.
  path: Assets/scripts/Environment/FireflyAI.cs
  artifactKey: Guid(b51e58577d5eeab4088d08fa54525e1e) Importer(815301076,1909f56bfc062723c751e8b465ee728b)
Start importing Assets/scripts/Environment/FireflyAI.cs using Guid(b51e58577d5eeab4088d08fa54525e1e) Importer(815301076,1909f56bfc062723c751e8b465ee728b)  -> (artifact id: '59d8f42005195c840c910ee42e1cff60') in 0.005558 seconds 
  Import took 0.010139 seconds .

========================================================================
Received Prepare
Registering precompiled user dll's ...
Registered in 0.002708 seconds.
Begin MonoManager ReloadAssembly
Native extension for WindowsStandalone target not found
Refreshing native plugins compatible for Editor in 0.55 ms, found 3 plugins.
Preloading 0 native plugins for Editor in 0.00 ms.
Mono: successfully reloaded assembly
- Completed reload, in  0.963 seconds
Platform modules already initialized, skipping
Shader 'Universal Render Pipeline/Particles/Lit': fallback shader 'Universal Render Pipeline/Particles/SimpleLit' not found
Refreshing native plugins compatible for Editor in 0.56 ms, found 3 plugins.
Preloading 0 native plugins for Editor in 0.00 ms.
Unloading 3125 Unused Serialized files (Serialized files now loaded: 0)
System memory in use before: 152.4 MB.
System memory in use after: 152.5 MB.

Unloading 22 unused Assets to reduce memory usage. Loaded Objects now: 3702.
Total: 2.485000 ms (FindLiveObjects: 0.249800 ms CreateObjectMapping: 0.131600 ms MarkObjects: 2.000000 ms  DeleteObjects: 0.102900 ms)

AssetImportParameters requested are different than current active one (requested -> active):
  custom:framework-win-MediaFoundation: 216162199b28c13a410421893ffa2e32 -> 
  custom:video-decoder-ogg-theora: a1e56fd34408186e4bbccfd4996cb3dc -> 
  custom:container-muxer-webm: aa71ff27fc2769a1b78a27578f13a17b -> 
  custom:container-demuxer-webm: 4f35f7cbe854078d1ac9338744f61a02 -> 
  custom:container-demuxer-ogg: 62fdf1f143b41e24485cea50d1cbac27 -> 
  custom:video-encoder-webm-vp8: eb34c28f22e8b96e1ab97ce403110664 -> 
  custom:video-decoder-webm-vp8: 9c59270c3fd7afecdb556c50c9e8de78 -> 
  custom:audio-decoder-ogg-vorbis: bf7c407c2cedff20999df2af8eb42d56 -> 
  custom:audio-encoder-webm-vorbis: bf7c407c2cedff20999df2af8eb42d56 -> 
========================================================================
Received Import Request.
  Time since last request: 152.169083 seconds.
  path: Assets/sprites/UI
  artifactKey: Guid(74d580785970de647b821873cc37d1c2) Importer(815301076,1909f56bfc062723c751e8b465ee728b)
Start importing Assets/sprites/UI using Guid(74d580785970de647b821873cc37d1c2) Importer(815301076,1909f56bfc062723c751e8b465ee728b)  -> (artifact id: '7d29eddaa44125dd0cde1585d1f67d20') in 0.095467 seconds 
  Import took 0.100195 seconds .

========================================================================
Received Import Request.
  Time since last request: 6.114371 seconds.
  path: Assets/scripts/Obstacles/scoreinc.cs
  artifactKey: Guid(56afd9a84c8315647a02ace599575e1c) Importer(815301076,1909f56bfc062723c751e8b465ee728b)
Start importing Assets/scripts/Obstacles/scoreinc.cs using Guid(56afd9a84c8315647a02ace599575e1c) Importer(815301076,1909f56bfc062723c751e8b465ee728b)  -> (artifact id: 'e9d491c372749f80a8f8a50d6db1e1e5') in 0.008229 seconds 
  Import took 0.014397 seconds .

========================================================================
Received Prepare
Registering precompiled user dll's ...
Registered in 0.002712 seconds.
Begin MonoManager ReloadAssembly
Native extension for WindowsStandalone target not found
Refreshing native plugins compatible for Editor in 0.56 ms, found 3 plugins.
Preloading 0 native plugins for Editor in 0.00 ms.
Mono: successfully reloaded assembly
- Completed reload, in  0.975 seconds
Platform modules already initialized, skipping
Shader 'Universal Render Pipeline/Particles/Lit': fallback shader 'Universal Render Pipeline/Particles/SimpleLit' not found
Refreshing native plugins compatible for Editor in 0.56 ms, found 3 plugins.
Preloading 0 native plugins for Editor in 0.00 ms.
Unloading 3124 Unused Serialized files (Serialized files now loaded: 0)
System memory in use before: 152.4 MB.
System memory in use after: 152.5 MB.

Unloading 23 unused Assets to reduce memory usage. Loaded Objects now: 3705.
Total: 3.434400 ms (FindLiveObjects: 0.309900 ms CreateObjectMapping: 0.160400 ms MarkObjects: 2.845100 ms  DeleteObjects: 0.117800 ms)

AssetImportParameters requested are different than current active one (requested -> active):
  custom:framework-win-MediaFoundation: 216162199b28c13a410421893ffa2e32 -> 
  custom:video-decoder-ogg-theora: a1e56fd34408186e4bbccfd4996cb3dc -> 
  custom:container-muxer-webm: aa71ff27fc2769a1b78a27578f13a17b -> 
  custom:container-demuxer-webm: 4f35f7cbe854078d1ac9338744f61a02 -> 
  custom:container-demuxer-ogg: 62fdf1f143b41e24485cea50d1cbac27 -> 
  custom:video-encoder-webm-vp8: eb34c28f22e8b96e1ab97ce403110664 -> 
  custom:video-decoder-webm-vp8: 9c59270c3fd7afecdb556c50c9e8de78 -> 
  custom:audio-decoder-ogg-vorbis: bf7c407c2cedff20999df2af8eb42d56 -> 
  custom:audio-encoder-webm-vorbis: bf7c407c2cedff20999df2af8eb42d56 -> 
========================================================================
Received Prepare
Registering precompiled user dll's ...
Registered in 0.003469 seconds.
Begin MonoManager ReloadAssembly
Native extension for WindowsStandalone target not found
Refreshing native plugins compatible for Editor in 0.58 ms, found 3 plugins.
Preloading 0 native plugins for Editor in 0.00 ms.
Mono: successfully reloaded assembly
- Completed reload, in  0.960 seconds
Platform modules already initialized, skipping
Shader 'Universal Render Pipeline/Particles/Lit': fallback shader 'Universal Render Pipeline/Particles/SimpleLit' not found
Refreshing native plugins compatible for Editor in 0.55 ms, found 3 plugins.
Preloading 0 native plugins for Editor in 0.00 ms.
Unloading 3124 Unused Serialized files (Serialized files now loaded: 0)
System memory in use before: 152.4 MB.
System memory in use after: 152.5 MB.

Unloading 22 unused Assets to reduce memory usage. Loaded Objects now: 3709.
Total: 2.763100 ms (FindLiveObjects: 0.294400 ms CreateObjectMapping: 0.125800 ms MarkObjects: 2.237600 ms  DeleteObjects: 0.104500 ms)

AssetImportParameters requested are different than current active one (requested -> active):
  custom:framework-win-MediaFoundation: 216162199b28c13a410421893ffa2e32 -> 
  custom:video-decoder-ogg-theora: a1e56fd34408186e4bbccfd4996cb3dc -> 
  custom:container-muxer-webm: aa71ff27fc2769a1b78a27578f13a17b -> 
  custom:container-demuxer-webm: 4f35f7cbe854078d1ac9338744f61a02 -> 
  custom:container-demuxer-ogg: 62fdf1f143b41e24485cea50d1cbac27 -> 
  custom:video-encoder-webm-vp8: eb34c28f22e8b96e1ab97ce403110664 -> 
  custom:video-decoder-webm-vp8: 9c59270c3fd7afecdb556c50c9e8de78 -> 
  custom:audio-decoder-ogg-vorbis: bf7c407c2cedff20999df2af8eb42d56 -> 
  custom:audio-encoder-webm-vorbis: bf7c407c2cedff20999df2af8eb42d56 -> 
========================================================================
Received Import Request.
  Time since last request: 143.467973 seconds.
  path: Assets/Prefabs/Obstacles/Forest/Fake Wood.prefab
  artifactKey: Guid(9271ee70087f7a24a974cb368796e640) Importer(815301076,1909f56bfc062723c751e8b465ee728b)
Start importing Assets/Prefabs/Obstacles/Forest/Fake Wood.prefab using Guid(9271ee70087f7a24a974cb368796e640) Importer(815301076,1909f56bfc062723c751e8b465ee728b)  -> (artifact id: '2e0136d1d341c11c2028e8db20fff082') in 0.264760 seconds 
  Import took 0.269894 seconds .

========================================================================
Received Import Request.
  Time since last request: 8.413498 seconds.
  path: Assets/Prefabs/Obstacles/Forest/Fake Wood.prefab
  artifactKey: Guid(9271ee70087f7a24a974cb368796e640) Importer(815301076,1909f56bfc062723c751e8b465ee728b)
Start importing Assets/Prefabs/Obstacles/Forest/Fake Wood.prefab using Guid(9271ee70087f7a24a974cb368796e640) Importer(815301076,1909f56bfc062723c751e8b465ee728b)  -> (artifact id: '6bdffa829fd2a6e087de56145bbe7539') in 0.017474 seconds 
  Import took 0.022580 seconds .

========================================================================
Received Import Request.
  Time since last request: 0.872361 seconds.
  path: Assets/Prefabs/Obstacles/Forest/Fake Wood.prefab
  artifactKey: Guid(9271ee70087f7a24a974cb368796e640) Importer(815301076,1909f56bfc062723c751e8b465ee728b)
Start importing Assets/Prefabs/Obstacles/Forest/Fake Wood.prefab using Guid(9271ee70087f7a24a974cb368796e640) Importer(815301076,1909f56bfc062723c751e8b465ee728b)  -> (artifact id: '490a5600ec7f64b7d8d5318226814176') in 0.015621 seconds 
  Import took 0.020509 seconds .

========================================================================
Received Prepare
Registering precompiled user dll's ...
Registered in 0.002694 seconds.
Begin MonoManager ReloadAssembly
Native extension for WindowsStandalone target not found
Refreshing native plugins compatible for Editor in 0.58 ms, found 3 plugins.
Preloading 0 native plugins for Editor in 0.00 ms.
Mono: successfully reloaded assembly
- Completed reload, in  1.007 seconds
Platform modules already initialized, skipping
Shader 'Universal Render Pipeline/Particles/Lit': fallback shader 'Universal Render Pipeline/Particles/SimpleLit' not found
Refreshing native plugins compatible for Editor in 0.57 ms, found 3 plugins.
Preloading 0 native plugins for Editor in 0.00 ms.
Unloading 3124 Unused Serialized files (Serialized files now loaded: 0)
System memory in use before: 157.6 MB.
System memory in use after: 157.7 MB.

Unloading 22 unused Assets to reduce memory usage. Loaded Objects now: 3758.
Total: 3.089900 ms (FindLiveObjects: 0.333900 ms CreateObjectMapping: 0.165500 ms MarkObjects: 2.479300 ms  DeleteObjects: 0.110200 ms)

AssetImportParameters requested are different than current active one (requested -> active):
  custom:framework-win-MediaFoundation: 216162199b28c13a410421893ffa2e32 -> 
  custom:video-decoder-ogg-theora: a1e56fd34408186e4bbccfd4996cb3dc -> 
  custom:container-muxer-webm: aa71ff27fc2769a1b78a27578f13a17b -> 
  custom:container-demuxer-webm: 4f35f7cbe854078d1ac9338744f61a02 -> 
  custom:container-demuxer-ogg: 62fdf1f143b41e24485cea50d1cbac27 -> 
  custom:video-encoder-webm-vp8: eb34c28f22e8b96e1ab97ce403110664 -> 
  custom:video-decoder-webm-vp8: 9c59270c3fd7afecdb556c50c9e8de78 -> 
  custom:audio-decoder-ogg-vorbis: bf7c407c2cedff20999df2af8eb42d56 -> 
  custom:audio-encoder-webm-vorbis: bf7c407c2cedff20999df2af8eb42d56 -> 
========================================================================
Received Import Request.
  Time since last request: 537.157367 seconds.
  path: Assets/scripts/Player/Movement.cs
  artifactKey: Guid(c8984fe67e247264a86f35c1cdd55b8a) Importer(815301076,1909f56bfc062723c751e8b465ee728b)
Start importing Assets/scripts/Player/Movement.cs using Guid(c8984fe67e247264a86f35c1cdd55b8a) Importer(815301076,1909f56bfc062723c751e8b465ee728b)  -> (artifact id: '075350b2fb559a85219c915f438b1483') in 0.012010 seconds 
  Import took 0.019467 seconds .

========================================================================
Received Import Request.
  Time since last request: 1.858321 seconds.
  path: Assets/scripts/Player/Player.cs
  artifactKey: Guid(c8984fe67e247264a86f35c1cdd55b8a) Importer(815301076,1909f56bfc062723c751e8b465ee728b)
Start importing Assets/scripts/Player/Player.cs using Guid(c8984fe67e247264a86f35c1cdd55b8a) Importer(815301076,1909f56bfc062723c751e8b465ee728b)  -> (artifact id: 'f1eae26ae92e1ea26a63247d7659786b') in 0.006439 seconds 
  Import took 0.011649 seconds .

========================================================================
Received Import Request.
  Time since last request: 0.912814 seconds.
  path: Assets/scripts/Player/Score_Counter.cs
  artifactKey: Guid(fa1c7265bff14d04baedf940d58562dc) Importer(815301076,1909f56bfc062723c751e8b465ee728b)
Start importing Assets/scripts/Player/Score_Counter.cs using Guid(fa1c7265bff14d04baedf940d58562dc) Importer(815301076,1909f56bfc062723c751e8b465ee728b)  -> (artifact id: '6f3a9fef338ac75930b2e6fcdb6e7c4f') in 0.006101 seconds 
  Import took 0.011056 seconds .

========================================================================
Received Import Request.
  Time since last request: 3.670200 seconds.
  path: Assets/scripts/Player/ScoreCounter.cs
  artifactKey: Guid(fa1c7265bff14d04baedf940d58562dc) Importer(815301076,1909f56bfc062723c751e8b465ee728b)
Start importing Assets/scripts/Player/ScoreCounter.cs using Guid(fa1c7265bff14d04baedf940d58562dc) Importer(815301076,1909f56bfc062723c751e8b465ee728b)  -> (artifact id: 'bbe38fc369e35233c5ec8da69052e58e') in 0.005790 seconds 
  Import took 0.010400 seconds .

========================================================================
Received Import Request.
  Time since last request: 9.890161 seconds.
  path: Assets/scripts/Player/ScoreCounter.cs
  artifactKey: Guid(fa1c7265bff14d04baedf940d58562dc) Importer(815301076,1909f56bfc062723c751e8b465ee728b)
Start importing Assets/scripts/Player/ScoreCounter.cs using Guid(fa1c7265bff14d04baedf940d58562dc) Importer(815301076,1909f56bfc062723c751e8b465ee728b)  -> (artifact id: '675248c85d4551a431a28b27196accf8') in 0.002346 seconds 
  Import took 0.006975 seconds .

========================================================================
Received Prepare
Registering precompiled user dll's ...
Registered in 0.002757 seconds.
Begin MonoManager ReloadAssembly
Native extension for WindowsStandalone target not found
Refreshing native plugins compatible for Editor in 0.54 ms, found 3 plugins.
Preloading 0 native plugins for Editor in 0.00 ms.
Mono: successfully reloaded assembly
- Completed reload, in  0.980 seconds
Platform modules already initialized, skipping
Shader 'Universal Render Pipeline/Particles/Lit': fallback shader 'Universal Render Pipeline/Particles/SimpleLit' not found
Refreshing native plugins compatible for Editor in 0.55 ms, found 3 plugins.
Preloading 0 native plugins for Editor in 0.00 ms.
Unloading 3124 Unused Serialized files (Serialized files now loaded: 0)
System memory in use before: 157.6 MB.
System memory in use after: 157.7 MB.

Unloading 22 unused Assets to reduce memory usage. Loaded Objects now: 3762.
Total: 2.784200 ms (FindLiveObjects: 0.277600 ms CreateObjectMapping: 0.148200 ms MarkObjects: 2.251900 ms  DeleteObjects: 0.105600 ms)

AssetImportParameters requested are different than current active one (requested -> active):
  custom:framework-win-MediaFoundation: 216162199b28c13a410421893ffa2e32 -> 
  custom:video-decoder-ogg-theora: a1e56fd34408186e4bbccfd4996cb3dc -> 
  custom:container-muxer-webm: aa71ff27fc2769a1b78a27578f13a17b -> 
  custom:container-demuxer-webm: 4f35f7cbe854078d1ac9338744f61a02 -> 
  custom:container-demuxer-ogg: 62fdf1f143b41e24485cea50d1cbac27 -> 
  custom:video-encoder-webm-vp8: eb34c28f22e8b96e1ab97ce403110664 -> 
  custom:video-decoder-webm-vp8: 9c59270c3fd7afecdb556c50c9e8de78 -> 
  custom:audio-decoder-ogg-vorbis: bf7c407c2cedff20999df2af8eb42d56 -> 
  custom:audio-encoder-webm-vorbis: bf7c407c2cedff20999df2af8eb42d56 -> 
========================================================================
Received Import Request.
  Time since last request: 29.366346 seconds.
  path: Assets/scripts/Other
  artifactKey: Guid(a3c1bd70037a2c14c981a3510d82dedb) Importer(815301076,1909f56bfc062723c751e8b465ee728b)
Start importing Assets/scripts/Other using Guid(a3c1bd70037a2c14c981a3510d82dedb) Importer(815301076,1909f56bfc062723c751e8b465ee728b)  -> (artifact id: '2f1170cb82376875280bdea1d7896a13') in 0.010491 seconds 
  Import took 0.016830 seconds .

========================================================================
Received Import Request.
  Time since last request: 4.736312 seconds.
  path: Assets/scripts/Obstacles/Forest/Obstacle_Spawner.cs
  artifactKey: Guid(a1fdfbbb2bb07aa4d82dcf43e237eaf6) Importer(815301076,1909f56bfc062723c751e8b465ee728b)
Start importing Assets/scripts/Obstacles/Forest/Obstacle_Spawner.cs using Guid(a1fdfbbb2bb07aa4d82dcf43e237eaf6) Importer(815301076,1909f56bfc062723c751e8b465ee728b)  -> (artifact id: '48999f1ec9369da66a1b05fdca105c4d') in 0.007002 seconds 
  Import took 0.012457 seconds .

========================================================================
Received Import Request.
  Time since last request: 0.019272 seconds.
  path: Assets/scripts/Obstacles/Forest/Obstacle_Spawner.cs
  artifactKey: Guid(a1fdfbbb2bb07aa4d82dcf43e237eaf6) Importer(815301076,1909f56bfc062723c751e8b465ee728b)
Start importing Assets/scripts/Obstacles/Forest/Obstacle_Spawner.cs using Guid(a1fdfbbb2bb07aa4d82dcf43e237eaf6) Importer(815301076,1909f56bfc062723c751e8b465ee728b)  -> (artifact id: '48999f1ec9369da66a1b05fdca105c4d') in 0.002971 seconds 
  Import took 0.008828 seconds .

========================================================================
Received Import Request.
  Time since last request: 3.466930 seconds.
  path: Assets/scripts/Obstacles/Forest/ObstacleSpawner.cs
  artifactKey: Guid(a1fdfbbb2bb07aa4d82dcf43e237eaf6) Importer(815301076,1909f56bfc062723c751e8b465ee728b)
Start importing Assets/scripts/Obstacles/Forest/ObstacleSpawner.cs using Guid(a1fdfbbb2bb07aa4d82dcf43e237eaf6) Importer(815301076,1909f56bfc062723c751e8b465ee728b)  -> (artifact id: 'a48e57cdfe487a63d32e935c801e2f4c') in 0.007114 seconds 
  Import took 0.012623 seconds .

========================================================================
Received Prepare
Registering precompiled user dll's ...
Registered in 0.002872 seconds.
Begin MonoManager ReloadAssembly
Native extension for WindowsStandalone target not found
Refreshing native plugins compatible for Editor in 0.58 ms, found 3 plugins.
Preloading 0 native plugins for Editor in 0.00 ms.
Mono: successfully reloaded assembly
- Completed reload, in  0.997 seconds
Platform modules already initialized, skipping
Shader 'Universal Render Pipeline/Particles/Lit': fallback shader 'Universal Render Pipeline/Particles/SimpleLit' not found
Refreshing native plugins compatible for Editor in 0.56 ms, found 3 plugins.
Preloading 0 native plugins for Editor in 0.00 ms.
Unloading 3124 Unused Serialized files (Serialized files now loaded: 0)
System memory in use before: 157.6 MB.
System memory in use after: 157.7 MB.

Unloading 22 unused Assets to reduce memory usage. Loaded Objects now: 3766.
Total: 2.960300 ms (FindLiveObjects: 0.328700 ms CreateObjectMapping: 0.165400 ms MarkObjects: 2.325200 ms  DeleteObjects: 0.140000 ms)

AssetImportParameters requested are different than current active one (requested -> active):
  custom:framework-win-MediaFoundation: 216162199b28c13a410421893ffa2e32 -> 
  custom:video-decoder-ogg-theora: a1e56fd34408186e4bbccfd4996cb3dc -> 
  custom:container-muxer-webm: aa71ff27fc2769a1b78a27578f13a17b -> 
  custom:container-demuxer-webm: 4f35f7cbe854078d1ac9338744f61a02 -> 
  custom:container-demuxer-ogg: 62fdf1f143b41e24485cea50d1cbac27 -> 
  custom:video-encoder-webm-vp8: eb34c28f22e8b96e1ab97ce403110664 -> 
  custom:video-decoder-webm-vp8: 9c59270c3fd7afecdb556c50c9e8de78 -> 
  custom:audio-decoder-ogg-vorbis: bf7c407c2cedff20999df2af8eb42d56 -> 
  custom:audio-encoder-webm-vorbis: bf7c407c2cedff20999df2af8eb42d56 -> 
========================================================================
Received Import Request.
  Time since last request: 4.183143 seconds.
  path: Assets/scripts/Obstacles/Forest/Wood_Spike.cs
  artifactKey: Guid(653b20e2b4f4a9c4995c44787e14b041) Importer(815301076,1909f56bfc062723c751e8b465ee728b)
Start importing Assets/scripts/Obstacles/Forest/Wood_Spike.cs using Guid(653b20e2b4f4a9c4995c44787e14b041) Importer(815301076,1909f56bfc062723c751e8b465ee728b)  -> (artifact id: 'fa720a5157686bc1ab34512dd8c7302b') in 0.021009 seconds 
  Import took 0.025525 seconds .

========================================================================
Received Import Request.
  Time since last request: 2.595866 seconds.
  path: Assets/scripts/Obstacles/Forest/WoodSpike.cs
  artifactKey: Guid(653b20e2b4f4a9c4995c44787e14b041) Importer(815301076,1909f56bfc062723c751e8b465ee728b)
Start importing Assets/scripts/Obstacles/Forest/WoodSpike.cs using Guid(653b20e2b4f4a9c4995c44787e14b041) Importer(815301076,1909f56bfc062723c751e8b465ee728b)  -> (artifact id: 'f3fa4f38eb1198b76fc422166277cc18') in 0.007903 seconds 
  Import took 0.014571 seconds .

========================================================================
Received Prepare
Registering precompiled user dll's ...
Registered in 0.002945 seconds.
Begin MonoManager ReloadAssembly
Native extension for WindowsStandalone target not found
Refreshing native plugins compatible for Editor in 0.58 ms, found 3 plugins.
Preloading 0 native plugins for Editor in 0.00 ms.
Mono: successfully reloaded assembly
- Completed reload, in  1.027 seconds
Platform modules already initialized, skipping
Shader 'Universal Render Pipeline/Particles/Lit': fallback shader 'Universal Render Pipeline/Particles/SimpleLit' not found
Refreshing native plugins compatible for Editor in 0.58 ms, found 3 plugins.
Preloading 0 native plugins for Editor in 0.00 ms.
Unloading 3124 Unused Serialized files (Serialized files now loaded: 0)
System memory in use before: 157.6 MB.
System memory in use after: 157.7 MB.

Unloading 22 unused Assets to reduce memory usage. Loaded Objects now: 3770.
Total: 2.676900 ms (FindLiveObjects: 0.352700 ms CreateObjectMapping: 0.136700 ms MarkObjects: 2.077700 ms  DeleteObjects: 0.108700 ms)

AssetImportParameters requested are different than current active one (requested -> active):
  custom:framework-win-MediaFoundation: 216162199b28c13a410421893ffa2e32 -> 
  custom:video-decoder-ogg-theora: a1e56fd34408186e4bbccfd4996cb3dc -> 
  custom:container-muxer-webm: aa71ff27fc2769a1b78a27578f13a17b -> 
  custom:container-demuxer-webm: 4f35f7cbe854078d1ac9338744f61a02 -> 
  custom:container-demuxer-ogg: 62fdf1f143b41e24485cea50d1cbac27 -> 
  custom:video-encoder-webm-vp8: eb34c28f22e8b96e1ab97ce403110664 -> 
  custom:video-decoder-webm-vp8: 9c59270c3fd7afecdb556c50c9e8de78 -> 
  custom:audio-decoder-ogg-vorbis: bf7c407c2cedff20999df2af8eb42d56 -> 
  custom:audio-encoder-webm-vorbis: bf7c407c2cedff20999df2af8eb42d56 -> 
========================================================================
Received Import Request.
  Time since last request: 12.062100 seconds.
  path: Assets/scripts/Obstacles/Forest/WoodSpike.cs
  artifactKey: Guid(653b20e2b4f4a9c4995c44787e14b041) Importer(815301076,1909f56bfc062723c751e8b465ee728b)
Start importing Assets/scripts/Obstacles/Forest/WoodSpike.cs using Guid(653b20e2b4f4a9c4995c44787e14b041) Importer(815301076,1909f56bfc062723c751e8b465ee728b)  -> (artifact id: '7a65a96e481676192d92cd58af63b198') in 0.006173 seconds 
  Import took 0.011805 seconds .

========================================================================
Received Prepare
Registering precompiled user dll's ...
Registered in 0.002632 seconds.
Begin MonoManager ReloadAssembly
Native extension for WindowsStandalone target not found
Refreshing native plugins compatible for Editor in 0.58 ms, found 3 plugins.
Preloading 0 native plugins for Editor in 0.00 ms.
Mono: successfully reloaded assembly
- Completed reload, in  1.013 seconds
Platform modules already initialized, skipping
Shader 'Universal Render Pipeline/Particles/Lit': fallback shader 'Universal Render Pipeline/Particles/SimpleLit' not found
Refreshing native plugins compatible for Editor in 0.55 ms, found 3 plugins.
Preloading 0 native plugins for Editor in 0.00 ms.
Unloading 3124 Unused Serialized files (Serialized files now loaded: 0)
System memory in use before: 157.7 MB.
System memory in use after: 157.7 MB.

Unloading 22 unused Assets to reduce memory usage. Loaded Objects now: 3774.
Total: 2.531100 ms (FindLiveObjects: 0.296000 ms CreateObjectMapping: 0.153400 ms MarkObjects: 1.969800 ms  DeleteObjects: 0.110900 ms)

AssetImportParameters requested are different than current active one (requested -> active):
  custom:framework-win-MediaFoundation: 216162199b28c13a410421893ffa2e32 -> 
  custom:video-decoder-ogg-theora: a1e56fd34408186e4bbccfd4996cb3dc -> 
  custom:container-muxer-webm: aa71ff27fc2769a1b78a27578f13a17b -> 
  custom:container-demuxer-webm: 4f35f7cbe854078d1ac9338744f61a02 -> 
  custom:container-demuxer-ogg: 62fdf1f143b41e24485cea50d1cbac27 -> 
  custom:video-encoder-webm-vp8: eb34c28f22e8b96e1ab97ce403110664 -> 
  custom:video-decoder-webm-vp8: 9c59270c3fd7afecdb556c50c9e8de78 -> 
  custom:audio-decoder-ogg-vorbis: bf7c407c2cedff20999df2af8eb42d56 -> 
  custom:audio-encoder-webm-vorbis: bf7c407c2cedff20999df2af8eb42d56 -> 
========================================================================
Received Prepare
Registering precompiled user dll's ...
Registered in 0.002746 seconds.
Begin MonoManager ReloadAssembly
Native extension for WindowsStandalone target not found
Refreshing native plugins compatible for Editor in 0.64 ms, found 3 plugins.
Preloading 0 native plugins for Editor in 0.00 ms.
Mono: successfully reloaded assembly
- Completed reload, in  0.974 seconds
Platform modules already initialized, skipping
Shader 'Universal Render Pipeline/Particles/Lit': fallback shader 'Universal Render Pipeline/Particles/SimpleLit' not found
Refreshing native plugins compatible for Editor in 0.57 ms, found 3 plugins.
Preloading 0 native plugins for Editor in 0.00 ms.
Unloading 3124 Unused Serialized files (Serialized files now loaded: 0)
System memory in use before: 157.7 MB.
System memory in use after: 157.8 MB.

Unloading 22 unused Assets to reduce memory usage. Loaded Objects now: 3778.
Total: 2.531900 ms (FindLiveObjects: 0.275900 ms CreateObjectMapping: 0.134700 ms MarkObjects: 2.015800 ms  DeleteObjects: 0.104500 ms)

AssetImportParameters requested are different than current active one (requested -> active):
  custom:framework-win-MediaFoundation: 216162199b28c13a410421893ffa2e32 -> 
  custom:video-decoder-ogg-theora: a1e56fd34408186e4bbccfd4996cb3dc -> 
  custom:container-muxer-webm: aa71ff27fc2769a1b78a27578f13a17b -> 
  custom:container-demuxer-webm: 4f35f7cbe854078d1ac9338744f61a02 -> 
  custom:container-demuxer-ogg: 62fdf1f143b41e24485cea50d1cbac27 -> 
  custom:video-encoder-webm-vp8: eb34c28f22e8b96e1ab97ce403110664 -> 
  custom:video-decoder-webm-vp8: 9c59270c3fd7afecdb556c50c9e8de78 -> 
  custom:audio-decoder-ogg-vorbis: bf7c407c2cedff20999df2af8eb42d56 -> 
  custom:audio-encoder-webm-vorbis: bf7c407c2cedff20999df2af8eb42d56 -> 
AssetImportWorkerClient::OnTransportError - code=2 error=End of file
